Traceback (most recent call last):
  File "C:\Users\Sandra\anaconda3\envs\dataviz_venv\lib\site-packages\jupyter_cache\executors\utils.py", line 58, in single_nb_execution
    executenb(
  File "C:\Users\Sandra\anaconda3\envs\dataviz_venv\lib\site-packages\nbclient\client.py", line 1305, in execute
    return NotebookClient(nb=nb, resources=resources, km=km, **kwargs).execute()
  File "C:\Users\Sandra\anaconda3\envs\dataviz_venv\lib\site-packages\jupyter_core\utils\__init__.py", line 173, in wrapped
    return loop.run_until_complete(inner)
  File "C:\Users\Sandra\anaconda3\envs\dataviz_venv\lib\asyncio\base_events.py", line 647, in run_until_complete
    return future.result()
  File "C:\Users\Sandra\anaconda3\envs\dataviz_venv\lib\site-packages\nbclient\client.py", line 705, in async_execute
    await self.async_execute_cell(
  File "C:\Users\Sandra\anaconda3\envs\dataviz_venv\lib\site-packages\nbclient\client.py", line 1058, in async_execute_cell
    await self._check_raise_for_error(cell, cell_index, exec_reply)
  File "C:\Users\Sandra\anaconda3\envs\dataviz_venv\lib\site-packages\nbclient\client.py", line 914, in _check_raise_for_error
    raise CellExecutionError.from_cell_and_msg(cell, exec_reply_content)
nbclient.exceptions.CellExecutionError: An error occurred while executing the following cell:
------------------
import pandas as pd
import plotly.express as px
import dash_core_components as dcc
import dash_html_components as html
from dash.dependencies import Input, Output

decade_means = df_tseries.groupby('decade').agg({'value': 'mean', 'color': 'first'}).reset_index()

# Crear el gráfico de barras con Plotly Express
fig = px.bar(decade_means, x='decade', y='value', color='color',
                 labels={'value': 'Anomalía de Temperatura'}, 
                 color_discrete_map={'red': 'red', 'blue': 'blue'},
                 title='Promedios Decenales de Anomalías de Temperatura')

    # Modificar las etiquetas de los ticks en el eje x
fig.update_layout(
        xaxis=dict(
            tickmode='array',
            tickvals=decade_means['decade'],
            ticktext=[f"{decade}s" for decade in decade_means['decade']]
        ),
        showlegend=False
    )
------------------


[1;31m---------------------------------------------------------------------------[0m
[1;31mKeyError[0m                                  Traceback (most recent call last)
Cell [1;32mIn[14], line 7[0m
[0;32m      4[0m [38;5;28;01mimport[39;00m [38;5;21;01mdash_html_components[39;00m [38;5;28;01mas[39;00m [38;5;21;01mhtml[39;00m
[0;32m      5[0m [38;5;28;01mfrom[39;00m [38;5;21;01mdash[39;00m[38;5;21;01m.[39;00m[38;5;21;01mdependencies[39;00m [38;5;28;01mimport[39;00m Input, Output
[1;32m----> 7[0m decade_means [38;5;241m=[39m [43mdf_tseries[49m[38;5;241;43m.[39;49m[43mgroupby[49m[43m([49m[38;5;124;43m'[39;49m[38;5;124;43mdecade[39;49m[38;5;124;43m'[39;49m[43m)[49m[38;5;241m.[39magg({[38;5;124m'[39m[38;5;124mvalue[39m[38;5;124m'[39m: [38;5;124m'[39m[38;5;124mmean[39m[38;5;124m'[39m, [38;5;124m'[39m[38;5;124mcolor[39m[38;5;124m'[39m: [38;5;124m'[39m[38;5;124mfirst[39m[38;5;124m'[39m})[38;5;241m.[39mreset_index()
[0;32m      9[0m [38;5;66;03m# Crear el gráfico de barras con Plotly Express[39;00m
[0;32m     10[0m fig [38;5;241m=[39m px[38;5;241m.[39mbar(decade_means, x[38;5;241m=[39m[38;5;124m'[39m[38;5;124mdecade[39m[38;5;124m'[39m, y[38;5;241m=[39m[38;5;124m'[39m[38;5;124mvalue[39m[38;5;124m'[39m, color[38;5;241m=[39m[38;5;124m'[39m[38;5;124mcolor[39m[38;5;124m'[39m,
[0;32m     11[0m                  labels[38;5;241m=[39m{[38;5;124m'[39m[38;5;124mvalue[39m[38;5;124m'[39m: [38;5;124m'[39m[38;5;124mAnomalía de Temperatura[39m[38;5;124m'[39m}, 
[0;32m     12[0m                  color_discrete_map[38;5;241m=[39m{[38;5;124m'[39m[38;5;124mred[39m[38;5;124m'[39m: [38;5;124m'[39m[38;5;124mred[39m[38;5;124m'[39m, [38;5;124m'[39m[38;5;124mblue[39m[38;5;124m'[39m: [38;5;124m'[39m[38;5;124mblue[39m[38;5;124m'[39m},
[0;32m     13[0m                  title[38;5;241m=[39m[38;5;124m'[39m[38;5;124mPromedios Decenales de Anomalías de Temperatura[39m[38;5;124m'[39m)

File [1;32mc:\Users\Sandra\anaconda3\envs\dataviz_venv\lib\site-packages\pandas\core\frame.py:8869[0m, in [0;36mDataFrame.groupby[1;34m(self, by, axis, level, as_index, sort, group_keys, observed, dropna)[0m
[0;32m   8866[0m [38;5;28;01mif[39;00m level [38;5;129;01mis[39;00m [38;5;28;01mNone[39;00m [38;5;129;01mand[39;00m by [38;5;129;01mis[39;00m [38;5;28;01mNone[39;00m:
[0;32m   8867[0m     [38;5;28;01mraise[39;00m [38;5;167;01mTypeError[39;00m([38;5;124m"[39m[38;5;124mYou have to supply one of [39m[38;5;124m'[39m[38;5;124mby[39m[38;5;124m'[39m[38;5;124m and [39m[38;5;124m'[39m[38;5;124mlevel[39m[38;5;124m'[39m[38;5;124m"[39m)
[1;32m-> 8869[0m [38;5;28;01mreturn[39;00m [43mDataFrameGroupBy[49m[43m([49m
[0;32m   8870[0m [43m    [49m[43mobj[49m[38;5;241;43m=[39;49m[38;5;28;43mself[39;49m[43m,[49m
[0;32m   8871[0m [43m    [49m[43mkeys[49m[38;5;241;43m=[39;49m[43mby[49m[43m,[49m
[0;32m   8872[0m [43m    [49m[43maxis[49m[38;5;241;43m=[39;49m[43maxis[49m[43m,[49m
[0;32m   8873[0m [43m    [49m[43mlevel[49m[38;5;241;43m=[39;49m[43mlevel[49m[43m,[49m
[0;32m   8874[0m [43m    [49m[43mas_index[49m[38;5;241;43m=[39;49m[43mas_index[49m[43m,[49m
[0;32m   8875[0m [43m    [49m[43msort[49m[38;5;241;43m=[39;49m[43msort[49m[43m,[49m
[0;32m   8876[0m [43m    [49m[43mgroup_keys[49m[38;5;241;43m=[39;49m[43mgroup_keys[49m[43m,[49m
[0;32m   8877[0m [43m    [49m[43mobserved[49m[38;5;241;43m=[39;49m[43mobserved[49m[43m,[49m
[0;32m   8878[0m [43m    [49m[43mdropna[49m[38;5;241;43m=[39;49m[43mdropna[49m[43m,[49m
[0;32m   8879[0m [43m[49m[43m)[49m

File [1;32mc:\Users\Sandra\anaconda3\envs\dataviz_venv\lib\site-packages\pandas\core\groupby\groupby.py:1278[0m, in [0;36mGroupBy.__init__[1;34m(self, obj, keys, axis, level, grouper, exclusions, selection, as_index, sort, group_keys, observed, dropna)[0m
[0;32m   1275[0m [38;5;28mself[39m[38;5;241m.[39mdropna [38;5;241m=[39m dropna
[0;32m   1277[0m [38;5;28;01mif[39;00m grouper [38;5;129;01mis[39;00m [38;5;28;01mNone[39;00m:
[1;32m-> 1278[0m     grouper, exclusions, obj [38;5;241m=[39m [43mget_grouper[49m[43m([49m
[0;32m   1279[0m [43m        [49m[43mobj[49m[43m,[49m
[0;32m   1280[0m [43m        [49m[43mkeys[49m[43m,[49m
[0;32m   1281[0m [43m        [49m[43maxis[49m[38;5;241;43m=[39;49m[43maxis[49m[43m,[49m
[0;32m   1282[0m [43m        [49m[43mlevel[49m[38;5;241;43m=[39;49m[43mlevel[49m[43m,[49m
[0;32m   1283[0m [43m        [49m[43msort[49m[38;5;241;43m=[39;49m[43msort[49m[43m,[49m
[0;32m   1284[0m [43m        [49m[43mobserved[49m[38;5;241;43m=[39;49m[38;5;28;43;01mFalse[39;49;00m[43m [49m[38;5;28;43;01mif[39;49;00m[43m [49m[43mobserved[49m[43m [49m[38;5;129;43;01mis[39;49;00m[43m [49m[43mlib[49m[38;5;241;43m.[39;49m[43mno_default[49m[43m [49m[38;5;28;43;01melse[39;49;00m[43m [49m[43mobserved[49m[43m,[49m
[0;32m   1285[0m [43m        [49m[43mdropna[49m[38;5;241;43m=[39;49m[38;5;28;43mself[39;49m[38;5;241;43m.[39;49m[43mdropna[49m[43m,[49m
[0;32m   1286[0m [43m    [49m[43m)[49m
[0;32m   1288[0m [38;5;28;01mif[39;00m observed [38;5;129;01mis[39;00m lib[38;5;241m.[39mno_default:
[0;32m   1289[0m     [38;5;28;01mif[39;00m [38;5;28many[39m(ping[38;5;241m.[39m_passed_categorical [38;5;28;01mfor[39;00m ping [38;5;129;01min[39;00m grouper[38;5;241m.[39mgroupings):

File [1;32mc:\Users\Sandra\anaconda3\envs\dataviz_venv\lib\site-packages\pandas\core\groupby\grouper.py:1009[0m, in [0;36mget_grouper[1;34m(obj, key, axis, level, sort, observed, validate, dropna)[0m
[0;32m   1007[0m         in_axis, level, gpr [38;5;241m=[39m [38;5;28;01mFalse[39;00m, gpr, [38;5;28;01mNone[39;00m
[0;32m   1008[0m     [38;5;28;01melse[39;00m:
[1;32m-> 1009[0m         [38;5;28;01mraise[39;00m [38;5;167;01mKeyError[39;00m(gpr)
[0;32m   1010[0m [38;5;28;01melif[39;00m [38;5;28misinstance[39m(gpr, Grouper) [38;5;129;01mand[39;00m gpr[38;5;241m.[39mkey [38;5;129;01mis[39;00m [38;5;129;01mnot[39;00m [38;5;28;01mNone[39;00m:
[0;32m   1011[0m     [38;5;66;03m# Add key to exclusions[39;00m
[0;32m   1012[0m     exclusions[38;5;241m.[39madd(gpr[38;5;241m.[39mkey)

[1;31mKeyError[0m: 'decade'

